[INFO] Detected Snakemake lock directory at .snakemake/locks.
[INFO] Unlocking workflow...
Building DAG of jobs...
Unlocked working directory.
[INFO] Starting Snakemake run...
Assuming unrestricted shared filesystem usage.
host: eu-fn-g2-05
Building DAG of jobs...
Using shell: /usr/bin/bash
Provided cores: 20
Rules claiming more threads will be scaled down.
Job stats:
job                                   count
----------------------------------  -------
all                                       1
download_MosaicSim_signatures             1
simulate_sc_tumor_data_phyloDNAsim        1
total                                     3

Select jobs to execute...
Execute 1 jobs...

[Sun Jan 25 10:46:22 2026]
localrule download_MosaicSim_signatures:
    output: /cluster/work/bewi/members/gbotta/phyloDNAsim/results/prepare/signatures/MosaicSim_signatures.txt
    log: logs/prepare/signatures/MosaicSim_signatures.log
    jobid: 2
    reason: Missing output files: /cluster/work/bewi/members/gbotta/phyloDNAsim/results/prepare/signatures/MosaicSim_signatures.txt
    resources: tmpdir=/scratch/tmp.55116334.gbotta
Activating singularity image /cluster/work/bewi/members/gbotta/phyloDNAsim/workflow/simulation/.snakemake/singularity/2cb9c8d771e5e7fb3d89f3aeb2e90e44.simg
[Sun Jan 25 10:46:25 2026]
Finished jobid: 2 (Rule: download_MosaicSim_signatures)
1 of 3 steps (33%) done
Select jobs to execute...
Execute 1 jobs...

[Sun Jan 25 10:46:25 2026]
localrule simulate_sc_tumor_data_phyloDNAsim:
    input: /cluster/work/bewi/members/gbotta/preprocessing/results/prepare/references/complete/fasta_files/ucsc_hg19.fa, /cluster/work/bewi/members/gbotta/preprocessing/results/prepare/references/on_target/bed_files/on_target.binned.tuned.bed, /cluster/work/bewi/members/gbotta/phyloDNAsim/results/prepare/signatures/MosaicSim_signatures.txt
    output: /cluster/work/bewi/members/gbotta/phyloDNAsim/results/simulation
    log: logs/simulation/phyloDNAsim.log
    jobid: 1
    reason: Missing output files: /cluster/work/bewi/members/gbotta/phyloDNAsim/results/simulation; Input files updated by another job: /cluster/work/bewi/members/gbotta/phyloDNAsim/results/prepare/signatures/MosaicSim_signatures.txt
    threads: 10
    resources: tmpdir=/scratch/tmp.55116334.gbotta
Activating singularity image /cluster/work/bewi/members/gbotta/phyloDNAsim/workflow/simulation/.snakemake/singularity/2cb9c8d771e5e7fb3d89f3aeb2e90e44.simg
Activating conda environment: .snakemake/conda/49c3096fe15db9c2beabb739bb055a9f_
[Sun Jan 25 11:38:01 2026]
Finished jobid: 1 (Rule: simulate_sc_tumor_data_phyloDNAsim)
2 of 3 steps (67%) done
Select jobs to execute...
Execute 1 jobs...

[Sun Jan 25 11:38:01 2026]
localrule all:
    input: /cluster/work/bewi/members/gbotta/phyloDNAsim/results/simulation
    jobid: 0
    reason: Input files updated by another job: /cluster/work/bewi/members/gbotta/phyloDNAsim/results/simulation
    resources: tmpdir=/scratch/tmp.55116334.gbotta
[Sun Jan 25 11:38:01 2026]
Finished jobid: 0 (Rule: all)
3 of 3 steps (100%) done
Complete log(s): /cluster/work/bewi/members/gbotta/phyloDNAsim/workflow/simulation/.snakemake/log/2026-01-25T104615.347569.snakemake.log
